android1/app/build/intermediates/manifest_merge_blame_file/debug/manifest-merger-blame-debug-report.txt
1<?xml version="1.0" encoding="utf-8"?>
2<manifest xmlns:android="http://schemas.android.com/apk/res/android"
3    package="com.ob.customer"
4    android:versionCode="1"
5    android:versionName="1.0" >
6
7    <uses-sdk
8        android:minSdkVersion="21"
8-->src\main\AndroidManifest.xml
9        android:targetSdkVersion="29" />
9-->src\main\AndroidManifest.xml
10
11    <uses-permission android:name="android.permission.INTERNET" />
11-->src\main\AndroidManifest.xml:20:5-67
11-->src\main\AndroidManifest.xml:20:22-64
12    <uses-permission android:name="android.permission.READ_EXTERNAL_STORAGE" />
12-->src\main\AndroidManifest.xml:21:5-80
12-->src\main\AndroidManifest.xml:21:22-77
13    <uses-permission android:name="android.permission.WRITE_EXTERNAL_STORAGE" />
13-->src\main\AndroidManifest.xml:22:5-81
13-->src\main\AndroidManifest.xml:22:22-78
14    <uses-permission android:name="android.permission.ACCESS_COARSE_LOCATION" />
14-->src\main\AndroidManifest.xml:23:5-81
14-->src\main\AndroidManifest.xml:23:22-78
15    <uses-permission android:name="android.permission.ACCESS_FINE_LOCATION" />
15-->src\main\AndroidManifest.xml:24:5-79
15-->src\main\AndroidManifest.xml:24:22-76
16
17    <uses-feature android:name="android.hardware.location.gps" />
17-->src\main\AndroidManifest.xml:25:5-66
17-->src\main\AndroidManifest.xml:25:19-63
18
19    <uses-permission android:name="android.permission.ACCESS_NETWORK_STATE" />
19-->src\main\AndroidManifest.xml:26:5-79
19-->src\main\AndroidManifest.xml:26:22-76
20    <uses-permission android:name="android.permission.CAMERA" />
20-->src\main\AndroidManifest.xml:27:5-65
20-->src\main\AndroidManifest.xml:27:22-62
21    <uses-permission android:name="android.permission.RECORD_AUDIO" />
21-->src\main\AndroidManifest.xml:28:5-71
21-->src\main\AndroidManifest.xml:28:22-68
22    <uses-permission android:name="android.permission.MODIFY_AUDIO_SETTINGS" />
22-->src\main\AndroidManifest.xml:29:5-80
22-->src\main\AndroidManifest.xml:29:22-77
23    <uses-permission android:name="android.permission.REQUEST_INSTALL_PACKAGES" />
23-->[:capacitor-cordova-android-plugins] AndroidManifest.xml:13:5-83
23-->[:capacitor-cordova-android-plugins] AndroidManifest.xml:13:22-80
24    <uses-permission android:name="android.permission.FLASHLIGHT" />
24-->[:capacitor-cordova-android-plugins] AndroidManifest.xml:15:5-69
24-->[:capacitor-cordova-android-plugins] AndroidManifest.xml:15:22-66
25
26    <uses-feature
26-->[:capacitor-cordova-android-plugins] AndroidManifest.xml:17:5-19:35
27        android:name="android.hardware.camera"
27-->[:capacitor-cordova-android-plugins] AndroidManifest.xml:18:9-47
28        android:required="true" />
28-->[:capacitor-cordova-android-plugins] AndroidManifest.xml:19:9-32
29
30    <uses-permission android:name="android.permission.RECEIVE_BOOT_COMPLETED" />
30-->[:capacitor-android] AndroidManifest.xml:15:5-81
30-->[:capacitor-android] AndroidManifest.xml:15:22-78
31    <uses-permission android:name="android.permission.WAKE_LOCK" /> <!-- Required by older versions of Google Play services to create IID tokens -->
31-->[:capacitor-android] AndroidManifest.xml:16:5-68
31-->[:capacitor-android] AndroidManifest.xml:16:22-65
32    <uses-permission android:name="com.google.android.c2dm.permission.RECEIVE" />
32-->[com.google.firebase:firebase-iid:20.1.1] AndroidManifest.xml:26:5-82
32-->[com.google.firebase:firebase-iid:20.1.1] AndroidManifest.xml:26:22-79
33
34    <application
34-->src\main\AndroidManifest.xml:3:5-19:19
35        android:allowBackup="true"
35-->src\main\AndroidManifest.xml:3:18-44
36        android:appComponentFactory="androidx.core.app.CoreComponentFactory"
36-->[androidx.core:core:1.2.0] AndroidManifest.xml:24:18-86
37        android:debuggable="true"
38        android:icon="@mipmap/ic_launcher"
38-->src\main\AndroidManifest.xml:3:45-79
39        android:label="@string/app_name"
39-->src\main\AndroidManifest.xml:3:80-112
40        android:roundIcon="@mipmap/ic_launcher_round"
40-->src\main\AndroidManifest.xml:3:113-158
41        android:supportsRtl="true"
41-->src\main\AndroidManifest.xml:3:159-185
42        android:theme="@style/AppTheme"
42-->src\main\AndroidManifest.xml:3:186-217
43        android:usesCleartextTraffic="true" >
43-->src\main\AndroidManifest.xml:3:218-253
44        <activity
44-->src\main\AndroidManifest.xml:4:9-15:20
45            android:name="com.ob.customer.MainActivity"
45-->src\main\AndroidManifest.xml:4:212-255
46            android:configChanges="orientation|keyboardHidden|keyboard|screenSize|locale|smallestScreenSize|screenLayout|uiMode"
46-->src\main\AndroidManifest.xml:4:19-135
47            android:label="@string/title_activity_main"
47-->src\main\AndroidManifest.xml:4:136-179
48            android:launchMode="singleTask"
48-->src\main\AndroidManifest.xml:4:180-211
49            android:theme="@style/AppTheme.NoActionBarLaunch" >
49-->src\main\AndroidManifest.xml:4:256-305
50            <intent-filter>
50-->src\main\AndroidManifest.xml:5:13-8:29
51                <action android:name="android.intent.action.MAIN" />
51-->src\main\AndroidManifest.xml:6:17-69
51-->src\main\AndroidManifest.xml:6:25-66
52
53                <category android:name="android.intent.category.LAUNCHER" />
53-->src\main\AndroidManifest.xml:7:17-77
53-->src\main\AndroidManifest.xml:7:27-74
54            </intent-filter>
55            <intent-filter>
55-->src\main\AndroidManifest.xml:9:13-14:29
56                <action android:name="android.intent.action.VIEW" />
56-->src\main\AndroidManifest.xml:10:17-69
56-->src\main\AndroidManifest.xml:10:25-66
57
58                <category android:name="android.intent.category.DEFAULT" />
58-->src\main\AndroidManifest.xml:11:17-76
58-->src\main\AndroidManifest.xml:11:27-73
59                <category android:name="android.intent.category.BROWSABLE" />
59-->src\main\AndroidManifest.xml:12:17-78
59-->src\main\AndroidManifest.xml:12:27-75
60
61                <data android:scheme="@string/custom_url_scheme" />
61-->src\main\AndroidManifest.xml:13:17-68
61-->src\main\AndroidManifest.xml:13:23-65
62            </intent-filter>
63        </activity>
64
65        <provider
66            android:name="androidx.core.content.FileProvider"
66-->src\main\AndroidManifest.xml:16:131-180
67            android:authorities="com.ob.customer.fileprovider"
67-->src\main\AndroidManifest.xml:16:19-70
68            android:exported="false"
68-->src\main\AndroidManifest.xml:16:71-95
69            android:grantUriPermissions="true" >
69-->src\main\AndroidManifest.xml:16:96-130
70            <meta-data
70-->src\main\AndroidManifest.xml:17:13-112
71                android:name="android.support.FILE_PROVIDER_PATHS"
71-->src\main\AndroidManifest.xml:17:24-74
72                android:resource="@xml/file_paths" />
72-->src\main\AndroidManifest.xml:17:75-109
73        </provider>
74        <provider
74-->[:capacitor-cordova-android-plugins] AndroidManifest.xml:22:9-30:20
75            android:name="io.github.pwlin.cordova.plugins.fileopener2.FileProvider"
75-->[:capacitor-cordova-android-plugins] AndroidManifest.xml:23:13-84
76            android:authorities="com.ob.customer.fileOpener2.provider"
76-->[:capacitor-cordova-android-plugins] AndroidManifest.xml:24:13-72
77            android:exported="false"
77-->[:capacitor-cordova-android-plugins] AndroidManifest.xml:25:13-37
78            android:grantUriPermissions="true" >
78-->[:capacitor-cordova-android-plugins] AndroidManifest.xml:26:13-47
79            <meta-data
79-->src\main\AndroidManifest.xml:17:13-112
80                android:name="android.support.FILE_PROVIDER_PATHS"
80-->src\main\AndroidManifest.xml:17:24-74
81                android:resource="@xml/opener_paths" />
81-->src\main\AndroidManifest.xml:17:75-109
82        </provider>
83
84        <activity
84-->[:capacitor-cordova-android-plugins] AndroidManifest.xml:32:9-38:63
85            android:name="com.google.zxing.client.android.CaptureActivity"
85-->[:capacitor-cordova-android-plugins] AndroidManifest.xml:33:13-75
86            android:clearTaskOnLaunch="true"
86-->[:capacitor-cordova-android-plugins] AndroidManifest.xml:34:13-45
87            android:configChanges="orientation|keyboardHidden|screenSize"
87-->[:capacitor-cordova-android-plugins] AndroidManifest.xml:35:13-74
88            android:exported="false"
88-->[:capacitor-cordova-android-plugins] AndroidManifest.xml:36:13-37
89            android:theme="@android:style/Theme.NoTitleBar.Fullscreen"
89-->[:capacitor-cordova-android-plugins] AndroidManifest.xml:37:13-71
90            android:windowSoftInputMode="stateAlwaysHidden" />
90-->[:capacitor-cordova-android-plugins] AndroidManifest.xml:38:13-60
91        <activity
91-->[:capacitor-cordova-android-plugins] AndroidManifest.xml:39:9-41:37
92            android:name="com.google.zxing.client.android.encode.EncodeActivity"
92-->[:capacitor-cordova-android-plugins] AndroidManifest.xml:40:13-81
93            android:label="Share" />
93-->[:capacitor-cordova-android-plugins] AndroidManifest.xml:41:13-34
94
95        <service
95-->[:capacitor-android] AndroidManifest.xml:19:9-21:40
96            android:name="com.getcapacitor.plugin.background.BackgroundTaskService"
96-->[:capacitor-android] AndroidManifest.xml:20:13-84
97            android:exported="false" />
97-->[:capacitor-android] AndroidManifest.xml:21:13-37
98
99        <receiver android:name="com.getcapacitor.plugin.notification.TimedNotificationPublisher" />
99-->[:capacitor-android] AndroidManifest.xml:23:9-100
99-->[:capacitor-android] AndroidManifest.xml:23:19-97
100        <receiver android:name="com.getcapacitor.plugin.notification.NotificationDismissReceiver" />
100-->[:capacitor-android] AndroidManifest.xml:24:9-101
100-->[:capacitor-android] AndroidManifest.xml:24:19-98
101
102        <meta-data
102-->[:capacitor-android] AndroidManifest.xml:26:9-28:37
103            android:name="firebase_messaging_auto_init_enabled"
103-->[:capacitor-android] AndroidManifest.xml:27:13-64
104            android:value="false" />
104-->[:capacitor-android] AndroidManifest.xml:28:13-34
105
106        <service
106-->[:capacitor-android] AndroidManifest.xml:30:9-36:19
107            android:name="com.getcapacitor.CapacitorFirebaseMessagingService"
107-->[:capacitor-android] AndroidManifest.xml:31:13-78
108            android:stopWithTask="false" >
108-->[:capacitor-android] AndroidManifest.xml:32:13-41
109            <intent-filter>
109-->[:capacitor-android] AndroidManifest.xml:33:13-35:29
110                <action android:name="com.google.firebase.MESSAGING_EVENT" />
110-->[:capacitor-android] AndroidManifest.xml:34:17-78
110-->[:capacitor-android] AndroidManifest.xml:34:25-75
111            </intent-filter>
112        </service>
113
114        <receiver
114-->[:capacitor-android] AndroidManifest.xml:38:9-47:20
115            android:name="com.getcapacitor.plugin.notification.LocalNotificationRestoreReceiver"
115-->[:capacitor-android] AndroidManifest.xml:39:13-97
116            android:directBootAware="true"
116-->[:capacitor-android] AndroidManifest.xml:40:13-43
117            android:exported="false" >
117-->[:capacitor-android] AndroidManifest.xml:41:13-37
118            <intent-filter>
118-->[:capacitor-android] AndroidManifest.xml:42:13-46:29
119                <action android:name="android.intent.action.LOCKED_BOOT_COMPLETED" />
119-->[:capacitor-android] AndroidManifest.xml:43:17-86
119-->[:capacitor-android] AndroidManifest.xml:43:25-83
120                <action android:name="android.intent.action.BOOT_COMPLETED" />
120-->[:capacitor-android] AndroidManifest.xml:44:17-79
120-->[:capacitor-android] AndroidManifest.xml:44:25-76
121                <action android:name="android.intent.action.QUICKBOOT_POWERON" />
121-->[:capacitor-android] AndroidManifest.xml:45:17-82
121-->[:capacitor-android] AndroidManifest.xml:45:25-79
122            </intent-filter>
123        </receiver>
124        <!--
125             FirebaseMessagingService performs security checks at runtime,
126             but set to not exported to explicitly avoid allowing another app to call it.
127        -->
128        <service
128-->[com.google.firebase:firebase-messaging:20.1.2] AndroidManifest.xml:28:9-34:19
129            android:name="com.google.firebase.messaging.FirebaseMessagingService"
129-->[com.google.firebase:firebase-messaging:20.1.2] AndroidManifest.xml:29:13-82
130            android:exported="false" >
130-->[com.google.firebase:firebase-messaging:20.1.2] AndroidManifest.xml:30:13-37
131            <intent-filter android:priority="-500" >
131-->[:capacitor-android] AndroidManifest.xml:33:13-35:29
132                <action android:name="com.google.firebase.MESSAGING_EVENT" />
132-->[:capacitor-android] AndroidManifest.xml:34:17-78
132-->[:capacitor-android] AndroidManifest.xml:34:25-75
133            </intent-filter>
134        </service>
135        <service
135-->[com.google.firebase:firebase-messaging:20.1.2] AndroidManifest.xml:35:9-41:19
136            android:name="com.google.firebase.components.ComponentDiscoveryService"
136-->[com.google.firebase:firebase-messaging:20.1.2] AndroidManifest.xml:36:13-84
137            android:directBootAware="true"
137-->[com.google.firebase:firebase-common:19.3.0] AndroidManifest.xml:34:13-43
138            android:exported="false" >
138-->[com.google.firebase:firebase-messaging:20.1.2] AndroidManifest.xml:37:13-37
139            <meta-data
139-->[com.google.firebase:firebase-messaging:20.1.2] AndroidManifest.xml:38:13-40:85
140                android:name="com.google.firebase.components:com.google.firebase.messaging.FirebaseMessagingRegistrar"
140-->[com.google.firebase:firebase-messaging:20.1.2] AndroidManifest.xml:39:17-119
141                android:value="com.google.firebase.components.ComponentRegistrar" />
141-->[com.google.firebase:firebase-messaging:20.1.2] AndroidManifest.xml:40:17-82
142            <meta-data
142-->[com.google.firebase:firebase-datatransport:17.0.3] AndroidManifest.xml:28:13-30:85
143                android:name="com.google.firebase.components:com.google.firebase.datatransport.TransportRegistrar"
143-->[com.google.firebase:firebase-datatransport:17.0.3] AndroidManifest.xml:29:17-115
144                android:value="com.google.firebase.components.ComponentRegistrar" />
144-->[com.google.firebase:firebase-datatransport:17.0.3] AndroidManifest.xml:30:17-82
145            <meta-data
145-->[com.google.firebase:firebase-iid:20.1.1] AndroidManifest.xml:32:13-34:85
146                android:name="com.google.firebase.components:com.google.firebase.iid.Registrar"
146-->[com.google.firebase:firebase-iid:20.1.1] AndroidManifest.xml:33:17-96
147                android:value="com.google.firebase.components.ComponentRegistrar" />
147-->[com.google.firebase:firebase-iid:20.1.1] AndroidManifest.xml:34:17-82
148            <meta-data
148-->[com.google.firebase:firebase-installations:16.0.0] AndroidManifest.xml:17:13-19:85
149                android:name="com.google.firebase.components:com.google.firebase.installations.FirebaseInstallationsRegistrar"
149-->[com.google.firebase:firebase-installations:16.0.0] AndroidManifest.xml:18:17-127
150                android:value="com.google.firebase.components.ComponentRegistrar" />
150-->[com.google.firebase:firebase-installations:16.0.0] AndroidManifest.xml:19:17-82
151        </service>
152
153        <receiver
153-->[com.google.firebase:firebase-iid:20.1.1] AndroidManifest.xml:37:9-44:20
154            android:name="com.google.firebase.iid.FirebaseInstanceIdReceiver"
154-->[com.google.firebase:firebase-iid:20.1.1] AndroidManifest.xml:38:13-78
155            android:exported="true"
155-->[com.google.firebase:firebase-iid:20.1.1] AndroidManifest.xml:39:13-36
156            android:permission="com.google.android.c2dm.permission.SEND" >
156-->[com.google.firebase:firebase-iid:20.1.1] AndroidManifest.xml:40:13-73
157            <intent-filter>
157-->[com.google.firebase:firebase-iid:20.1.1] AndroidManifest.xml:41:13-43:29
158                <action android:name="com.google.android.c2dm.intent.RECEIVE" />
158-->[com.google.firebase:firebase-iid:20.1.1] AndroidManifest.xml:42:17-81
158-->[com.google.firebase:firebase-iid:20.1.1] AndroidManifest.xml:42:25-78
159            </intent-filter>
160        </receiver>
161
162        <provider
162-->[com.google.firebase:firebase-common:19.3.0] AndroidManifest.xml:26:9-30:39
163            android:name="com.google.firebase.provider.FirebaseInitProvider"
163-->[com.google.firebase:firebase-common:19.3.0] AndroidManifest.xml:27:13-77
164            android:authorities="com.ob.customer.firebaseinitprovider"
164-->[com.google.firebase:firebase-common:19.3.0] AndroidManifest.xml:28:13-72
165            android:exported="false"
165-->[com.google.firebase:firebase-common:19.3.0] AndroidManifest.xml:29:13-37
166            android:initOrder="100" />
166-->[com.google.firebase:firebase-common:19.3.0] AndroidManifest.xml:30:13-36
167
168        <activity
168-->[com.google.android.gms:play-services-base:17.0.0] AndroidManifest.xml:23:9-26:75
169            android:name="com.google.android.gms.common.api.GoogleApiActivity"
169-->[com.google.android.gms:play-services-base:17.0.0] AndroidManifest.xml:24:13-79
170            android:exported="false"
170-->[com.google.android.gms:play-services-base:17.0.0] AndroidManifest.xml:25:13-37
171            android:theme="@android:style/Theme.Translucent.NoTitleBar" />
171-->[com.google.android.gms:play-services-base:17.0.0] AndroidManifest.xml:26:13-72
172
173        <meta-data
173-->[com.google.android.gms:play-services-basement:17.0.0] AndroidManifest.xml:23:9-25:69
174            android:name="com.google.android.gms.version"
174-->[com.google.android.gms:play-services-basement:17.0.0] AndroidManifest.xml:24:13-58
175            android:value="@integer/google_play_services_version" />
175-->[com.google.android.gms:play-services-basement:17.0.0] AndroidManifest.xml:25:13-66
176
177        <service
177-->[com.google.android.datatransport:transport-backend-cct:2.2.0] AndroidManifest.xml:29:9-35:19
178            android:name="com.google.android.datatransport.runtime.backends.TransportBackendDiscovery"
178-->[com.google.android.datatransport:transport-backend-cct:2.2.0] AndroidManifest.xml:30:13-103
179            android:exported="false" >
179-->[com.google.android.datatransport:transport-backend-cct:2.2.0] AndroidManifest.xml:31:13-37
180            <meta-data
180-->[com.google.android.datatransport:transport-backend-cct:2.2.0] AndroidManifest.xml:32:13-34:39
181                android:name="backend:com.google.android.datatransport.cct.CctBackendFactory"
181-->[com.google.android.datatransport:transport-backend-cct:2.2.0] AndroidManifest.xml:33:17-94
182                android:value="cct" />
182-->[com.google.android.datatransport:transport-backend-cct:2.2.0] AndroidManifest.xml:34:17-36
183        </service>
184        <service
184-->[com.google.android.datatransport:transport-runtime:2.2.0] AndroidManifest.xml:26:9-30:19
185            android:name="com.google.android.datatransport.runtime.scheduling.jobscheduling.JobInfoSchedulerService"
185-->[com.google.android.datatransport:transport-runtime:2.2.0] AndroidManifest.xml:27:13-117
186            android:exported="false"
186-->[com.google.android.datatransport:transport-runtime:2.2.0] AndroidManifest.xml:28:13-37
187            android:permission="android.permission.BIND_JOB_SERVICE" >
187-->[com.google.android.datatransport:transport-runtime:2.2.0] AndroidManifest.xml:29:13-69
188        </service>
189
190        <receiver
190-->[com.google.android.datatransport:transport-runtime:2.2.0] AndroidManifest.xml:32:9-34:40
191            android:name="com.google.android.datatransport.runtime.scheduling.jobscheduling.AlarmManagerSchedulerBroadcastReceiver"
191-->[com.google.android.datatransport:transport-runtime:2.2.0] AndroidManifest.xml:33:13-132
192            android:exported="false" />
192-->[com.google.android.datatransport:transport-runtime:2.2.0] AndroidManifest.xml:34:13-37
193    </application>
194
195</manifest>